<?xml version="1.0" encoding="UTF-8"?>
<robot generator="Robot 4.0.1 (Python 3.9.4 on win32)" generated="20210419 10:19:18.166" rpa="false" schemaversion="2">
<suite id="s1" name="Test" source="C:\qaninja\robot\test.robot">
<test id="s1-t1" name="Deve retornar mensagem de boas vindas">
<kw name="Welcome" library="app">
<var>${result}</var>
<arg>Fernando</arg>
<msg timestamp="20210419 10:19:18.323" level="INFO">${result} = Olá Fernando, Bem vindo ao Curso básico de Robot Framework!</msg>
<status status="PASS" starttime="20210419 10:19:18.323" endtime="20210419 10:19:18.323"/>
</kw>
<kw name="Should Be Equal" library="BuiltIn">
<arg>${result}</arg>
<arg>Olá Fernando, Bem vindo ao Curso básico de Robot Framework!</arg>
<doc>Fails if the given objects are unequal.</doc>
<status status="PASS" starttime="20210419 10:19:18.323" endtime="20210419 10:19:18.323"/>
</kw>
<status status="PASS" starttime="20210419 10:19:18.323" endtime="20210419 10:19:18.323"/>
</test>
<status status="PASS" starttime="20210419 10:19:18.182" endtime="20210419 10:19:18.338"/>
</suite>
<statistics>
<total>
<stat pass="1" fail="0" skip="0">All Tests</stat>
</total>
<tag>
</tag>
<suite>
<stat pass="1" fail="0" skip="0" id="s1" name="Test">Test</stat>
</suite>
</statistics>
<errors>
</errors>
</robot>
