<?xml version="1.0" encoding="UTF-8"?>
<robot generator="Robot 4.0.1 (Python 3.9.4 on win32)" generated="20210422 08:09:35.596" rpa="false" schemaversion="2">
<suite id="s1" name="Tests" source="C:\qaninja\robot\web\tests">
<suite id="s1-s1" name="Login Form" source="C:\qaninja\robot\web\tests\login_form.robot">
<test id="s1-s1-t1" name="Senha Inválida">
<kw name="Nova sessão" library="base" type="SETUP">
<kw name="Open Browser" library="SeleniumLibrary">
<arg>${url}</arg>
<arg>chrome</arg>
<doc>Opens a new browser instance to the optional ``url``.</doc>
<msg timestamp="20210422 08:09:36.987" level="INFO">Opening browser 'chrome' to base url 'https://training-wheels-protocol.herokuapp.com'.</msg>
<status status="PASS" starttime="20210422 08:09:36.985" endtime="20210422 08:09:43.292"/>
</kw>
<status status="PASS" starttime="20210422 08:09:36.983" endtime="20210422 08:09:43.293"/>
</kw>
<kw name="Go To" library="SeleniumLibrary">
<arg>${url}/login</arg>
<doc>Navigates the current browser window to the provided ``url``.</doc>
<msg timestamp="20210422 08:09:43.300" level="INFO">Opening url 'https://training-wheels-protocol.herokuapp.com/login'</msg>
<status status="PASS" starttime="20210422 08:09:43.298" endtime="20210422 08:09:43.986"/>
</kw>
<kw name="Input Text" library="SeleniumLibrary">
<arg>css:input[name=username]</arg>
<arg>stark</arg>
<doc>Types the given ``text`` into the text field identified by ``locator``.</doc>
<msg timestamp="20210422 08:09:43.995" level="INFO">Typing text 'stark' into text field 'css:input[name=username]'.</msg>
<kw name="Capture Page Screenshot" library="SeleniumLibrary">
<doc>Takes a screenshot of the current page and embeds it into a log file.</doc>
<msg timestamp="20210422 08:09:44.326" level="INFO" html="true">&lt;/td&gt;&lt;/tr&gt;&lt;tr&gt;&lt;td colspan="3"&gt;&lt;a href="selenium-screenshot-35.png"&gt;&lt;img src="selenium-screenshot-35.png" width="800px"&gt;&lt;/a&gt;</msg>
<status status="PASS" starttime="20210422 08:09:44.062" endtime="20210422 08:09:44.327"/>
</kw>
<msg timestamp="20210422 08:09:44.336" level="FAIL">Element with locator 'css:input[name=username]' not found.</msg>
<status status="FAIL" starttime="20210422 08:09:43.994" endtime="20210422 08:09:44.336"/>
</kw>
<kw name="Input Text" library="SeleniumLibrary">
<arg>css:input[name=password]</arg>
<arg>acb123</arg>
<doc>Types the given ``text`` into the text field identified by ``locator``.</doc>
<status status="NOT RUN" starttime="20210422 08:09:44.337" endtime="20210422 08:09:44.338"/>
</kw>
<kw name="Click Element" library="SeleniumLibrary">
<arg>class:btn-login</arg>
<doc>Click the element identified by ``locator``.</doc>
<status status="NOT RUN" starttime="20210422 08:09:44.339" endtime="20210422 08:09:44.339"/>
</kw>
<kw name="Page Should Contain" library="SeleniumLibrary">
<arg>Senha é invalida!</arg>
<doc>Verifies that current page contains ``text``.</doc>
<status status="NOT RUN" starttime="20210422 08:09:44.340" endtime="20210422 08:09:44.340"/>
</kw>
<kw name="Encerra sessão" library="base" type="TEARDOWN">
<kw name="Capture Page Screenshot" library="SeleniumLibrary">
<doc>Takes a screenshot of the current page and embeds it into a log file.</doc>
<msg timestamp="20210422 08:09:44.562" level="INFO" html="true">&lt;/td&gt;&lt;/tr&gt;&lt;tr&gt;&lt;td colspan="3"&gt;&lt;a href="selenium-screenshot-36.png"&gt;&lt;img src="selenium-screenshot-36.png" width="800px"&gt;&lt;/a&gt;</msg>
<status status="PASS" starttime="20210422 08:09:44.343" endtime="20210422 08:09:44.562"/>
</kw>
<kw name="Close Browser" library="SeleniumLibrary">
<doc>Closes the current browser.</doc>
<status status="PASS" starttime="20210422 08:09:44.563" endtime="20210422 08:09:47.379"/>
</kw>
<status status="PASS" starttime="20210422 08:09:44.342" endtime="20210422 08:09:47.380"/>
</kw>
<tag>login_error</tag>
<status status="FAIL" starttime="20210422 08:09:36.979" endtime="20210422 08:09:47.382">Element with locator 'css:input[name=username]' not found.</status>
</test>
<status status="FAIL" starttime="20210422 08:09:35.769" endtime="20210422 08:09:47.395"/>
</suite>
<status status="FAIL" starttime="20210422 08:09:35.606" endtime="20210422 08:09:47.423"/>
</suite>
<statistics>
<total>
<stat pass="0" fail="1" skip="0">All Tests</stat>
</total>
<tag>
<stat pass="0" fail="1" skip="0">login_error</stat>
</tag>
<suite>
<stat pass="0" fail="1" skip="0" id="s1" name="Tests">Tests</stat>
<stat pass="0" fail="1" skip="0" id="s1-s1" name="Login Form">Tests.Login Form</stat>
</suite>
</statistics>
<errors>
</errors>
</robot>
